<?xml version="1.0" encoding="UTF-8"?>
<!-- Generated by org.testng.reporters.JUnitXMLReporter -->
<testsuite ignored="1" hostname="LAPTOP-FCPJENSE" failures="1" tests="1" name="Test" time="0.092" errors="0" timestamp="2023-06-28T22:54:43 IST">
  <testcase classname="actitime.testscript.ActitimeAlertPopup" name="handleAlert" time="0.028">
    <failure type="java.lang.NullPointerException" message="Cannot invoke &amp;quot;org.openqa.selenium.WebDriver.findElement(org.openqa.selenium.By)&amp;quot; because &amp;quot;this.driver&amp;quot; is null">
      <![CDATA[java.lang.NullPointerException: Cannot invoke "org.openqa.selenium.WebDriver.findElement(org.openqa.selenium.By)" because "this.driver" is null
at actitime.testscript.ActitimeAlertPopup.handleAlert(ActitimeAlertPopup.java:22)
at java.base/java.util.ArrayList.forEach(ArrayList.java:1511)
... Removed 25 stack frames]]>
    </failure>
  </testcase> <!-- handleAlert -->
  <testcase classname="actitime.testscript.DropDown" name="handleDropdown" time="0.0">
    <ignored/>
  </testcase> <!-- handleDropdown -->
</testsuite> <!-- Test -->
